  Creature.cpp
  Enemy.cpp
  GameManager.cpp
  LevelManager.cpp
  MainGame.cpp
  NPC.cpp
C:\Mac\Home\Documents\CGCode\Assessment3\Assessment3\GameManager.cpp(170,46): warning C4244: '=': conversion from 'float' to 'int', possible loss of data
C:\Mac\Home\Documents\CGCode\Assessment3\Assessment3\GameManager.cpp(175,46): warning C4244: '=': conversion from 'float' to 'int', possible loss of data
C:\Mac\Home\Documents\CGCode\Assessment3\Assessment3\GameManager.cpp(186,8): warning C4267: 'initializing': conversion from 'size_t' to 'int', possible loss of data
C:\Mac\Home\Documents\CGCode\Assessment3\Assessment3\GameManager.cpp(337,83): warning C4244: 'argument': conversion from 'float' to 'int', possible loss of data
  Player.cpp
C:\Mac\Home\Documents\CGCode\Assessment3\Assessment3\MainGame.cpp(40,1): warning C4715: 'MainGameUpdate': not all control paths return a value
C:\Program Files\Microsoft Visual Studio\2022\Community\VC\Tools\MSVC\14.41.34120\include\utility(247,16): warning C4244: 'initializing': conversion from 'int' to '_Ty1', possible loss of data
C:\Program Files\Microsoft Visual Studio\2022\Community\VC\Tools\MSVC\14.41.34120\include\utility(247,16): warning C4244:         with
C:\Program Files\Microsoft Visual Studio\2022\Community\VC\Tools\MSVC\14.41.34120\include\utility(247,16): warning C4244:         [
C:\Program Files\Microsoft Visual Studio\2022\Community\VC\Tools\MSVC\14.41.34120\include\utility(247,16): warning C4244:             _Ty1=const float
C:\Program Files\Microsoft Visual Studio\2022\Community\VC\Tools\MSVC\14.41.34120\include\utility(247,16): warning C4244:         ]
  (compiling source file 'Player.cpp')
      C:\Program Files\Microsoft Visual Studio\2022\Community\VC\Tools\MSVC\14.41.34120\include\utility(247,16):
      the template instantiation context (the oldest one first) is
          C:\Mac\Home\Documents\CGCode\Assessment3\Assessment3\Player.cpp(64,25):
          see reference to function template instantiation 'std::pair<const float,std::vector<Play::Point2D,std::allocator<Play::Point2D>>>::pair<int&,std::vector<Play::Point2D,std::allocator<Play::Point2D>>&,0>(_Other1,_Other2) noexcept(false)' being compiled
          with
          [
              _Other1=int &,
              _Other2=std::vector<Play::Point2D,std::allocator<Play::Point2D>> &
          ]
              C:\Mac\Home\Documents\CGCode\Assessment3\Assessment3\Player.cpp(64,24):
              see the first reference to 'std::pair<const float,std::vector<Play::Point2D,std::allocator<Play::Point2D>>>::pair' in 'Player::SetBoundaries'
  
  HelloWorld.vcxproj -> C:\Mac\Home\Documents\CGCode\Assessment3\Assessment3\Build\x64\Debug\Assessment3.exe
